[INFO] 2025-03-29 14:21:59 - Checking dependencies...
[INFO] 2025-03-29 14:21:59 - All dependencies are met.
[INFO] 2025-03-29 14:21:59 - Setting up environment...
[INFO] 2025-03-29 14:21:59 - Environment setup completed.
[INFO] 2025-03-29 14:21:59 - Starting repository polling (interval: 300s)...
[INFO] 2025-03-29 14:21:59 - Checking for new commits since 2025-03-29T18:21:59Z
[INFO] 2025-03-29 14:21:59 - No new commits found
[INFO] 2025-03-29 14:21:59 - Checking for pull request activity since 2025-03-29T18:21:59Z
[INFO] 2025-03-29 14:22:00 - No PR activity found
[INFO] 2025-03-29 14:22:00 - Checking for issue activity since 2025-03-29T18:21:59Z
[INFO] 2025-03-29 14:22:00 - No issue activity found
[INFO] 2025-03-29 14:22:00 - Sleeping for 300 seconds...
[INFO] 2025-03-29 14:27:00 - Checking for new commits since 2025-03-29T18:21:59Z
[INFO] 2025-03-29 14:27:00 - No new commits found
[INFO] 2025-03-29 14:27:00 - Checking for pull request activity since 2025-03-29T18:22:00Z
[INFO] 2025-03-29 14:27:00 - No PR activity found
[INFO] 2025-03-29 14:27:00 - Checking for issue activity since 2025-03-29T18:22:00Z
[INFO] 2025-03-29 14:27:01 - No issue activity found
[INFO] 2025-03-29 14:27:01 - Sleeping for 300 seconds...
[INFO] 2025-03-29 14:32:01 - Checking for new commits since 2025-03-29T18:27:00Z
[INFO] 2025-03-29 14:32:01 - No new commits found
[INFO] 2025-03-29 14:32:01 - Checking for pull request activity since 2025-03-29T18:27:00Z
[INFO] 2025-03-29 14:32:01 - No PR activity found
[INFO] 2025-03-29 14:32:01 - Checking for issue activity since 2025-03-29T18:27:01Z
[INFO] 2025-03-29 14:32:02 - No issue activity found
[INFO] 2025-03-29 14:32:02 - Sleeping for 300 seconds...
[INFO] 2025-03-29 14:37:02 - Checking for new commits since 2025-03-29T18:32:01Z
[INFO] 2025-03-29 14:37:02 - No new commits found
[INFO] 2025-03-29 14:37:02 - Checking for pull request activity since 2025-03-29T18:32:01Z
[INFO] 2025-03-29 14:37:02 - No PR activity found
[INFO] 2025-03-29 14:37:02 - Checking for issue activity since 2025-03-29T18:32:02Z
[INFO] 2025-03-29 14:37:03 - No issue activity found
[INFO] 2025-03-29 14:37:03 - Sleeping for 300 seconds...
[INFO] 2025-03-29 14:42:03 - Checking for new commits since 2025-03-29T18:37:02Z
[INFO] 2025-03-29 14:53:41 - No new commits found
[INFO] 2025-03-29 14:53:41 - Checking for pull request activity since 2025-03-29T18:37:02Z
[INFO] 2025-03-29 14:53:51 - No PR activity found
[INFO] 2025-03-29 14:53:52 - Checking for issue activity since 2025-03-29T18:37:03Z
